<?xml version="1.0" encoding="UTF-8"?>
<testng-results ignored="0" total="2" passed="2" failed="0" skipped="0">
  <reporter-output>
  </reporter-output>
  <suite started-at="2023-12-23T08:10:33 IST" name="Suite" finished-at="2023-12-23T08:11:24 IST" duration-ms="50577">
    <groups>
    </groups>
    <test started-at="2023-12-23T08:10:33 IST" name="Test" finished-at="2023-12-23T08:11:01 IST" duration-ms="27466">
      <class name="com.sampleProject.Qa.TestCases.Parameters_TestNG">
        <test-method is-config="true" signature="setUp(java.lang.String)[pri:0, instance:com.sampleProject.Qa.TestCases.Parameters_TestNG@6892b3b6]" started-at="2023-12-23T08:10:33 IST" name="setUp" finished-at="2023-12-23T08:10:37 IST" duration-ms="3901" status="PASS">
          <params>
            <param index="0">
              <value>
                <![CDATA[chrome]]>
              </value>
            </param>
          </params>
          <reporter-output>
          </reporter-output>
        </test-method> <!-- setUp -->
        <test-method signature="test01(java.lang.String)[pri:0, instance:com.sampleProject.Qa.TestCases.Parameters_TestNG@6892b3b6]" started-at="2023-12-23T08:10:37 IST" name="test01" finished-at="2023-12-23T08:11:01 IST" duration-ms="23497" status="PASS">
          <params>
            <param index="0">
              <value>
                <![CDATA[https://opensource-demo.orangehrmlive.com/web/index.php/auth/login]]>
              </value>
            </param>
          </params>
          <reporter-output>
          </reporter-output>
        </test-method> <!-- test01 -->
      </class> <!-- com.sampleProject.Qa.TestCases.Parameters_TestNG -->
    </test> <!-- Test -->
    <test started-at="2023-12-23T08:11:01 IST" name="Test1" finished-at="2023-12-23T08:11:24 IST" duration-ms="22979">
      <class name="com.sampleProject.Qa.TestCases.Parameters_TestNG">
        <test-method is-config="true" signature="setUp(java.lang.String)[pri:0, instance:com.sampleProject.Qa.TestCases.Parameters_TestNG@8519cb4]" started-at="2023-12-23T08:11:01 IST" name="setUp" finished-at="2023-12-23T08:11:02 IST" duration-ms="1771" status="PASS">
          <params>
            <param index="0">
              <value>
                <![CDATA[chrome]]>
              </value>
            </param>
          </params>
          <reporter-output>
          </reporter-output>
        </test-method> <!-- setUp -->
        <test-method signature="test01(java.lang.String)[pri:0, instance:com.sampleProject.Qa.TestCases.Parameters_TestNG@8519cb4]" started-at="2023-12-23T08:11:02 IST" name="test01" finished-at="2023-12-23T08:11:24 IST" duration-ms="21202" status="PASS">
          <params>
            <param index="0">
              <value>
                <![CDATA[https://opensource-demo.orangehrmlive.com/web/index.php/auth/login]]>
              </value>
            </param>
          </params>
          <reporter-output>
          </reporter-output>
        </test-method> <!-- test01 -->
      </class> <!-- com.sampleProject.Qa.TestCases.Parameters_TestNG -->
    </test> <!-- Test1 -->
  </suite> <!-- Suite -->
</testng-results>
